<?xml version="1.0" encoding="UTF-8"?>
<!-- Generated by org.testng.reporters.JUnitReportReporter -->
<testsuite skipped="0" hostname="DESKTOP-KV1TCAF" name="util.BrowserFactory" tests="1" failures="0" timestamp="2022-08-27T07:34:09 CDT" time="2.741" errors="0">
  <testcase name="init" time="2.741" classname="util.BrowserFactory"/>
  <system-out/>
</testsuite> <!-- util.BrowserFactory -->
